c:\users\jawes\documents\study\sim\sim\debug\vc140.pdb
c:\users\jawes\documents\study\sim\sim\debug\vc140.idb
c:\users\jawes\documents\study\sim\sim\debug\add.obj
c:\users\jawes\documents\study\sim\sim\debug\ass.obj
c:\users\jawes\documents\study\sim\sim\debug\datamemory.obj
c:\users\jawes\documents\study\sim\sim\debug\executor.obj
c:\users\jawes\documents\study\sim\sim\debug\instructionmemory.obj
c:\users\jawes\documents\study\sim\sim\debug\jmp.obj
c:\users\jawes\documents\study\sim\sim\debug\jmp0.obj
c:\users\jawes\documents\study\sim\sim\debug\le.obj
c:\users\jawes\documents\study\sim\sim\debug\mul.obj
c:\users\jawes\documents\study\sim\sim\debug\neg.obj
c:\users\jawes\documents\study\sim\sim\debug\main.obj
c:\users\jawes\documents\study\sim\sim\debug\read.obj
c:\users\jawes\documents\study\sim\sim\debug\write.obj
c:\users\jawes\documents\study\sim\sim\debug\processor.obj
c:\users\jawes\documents\study\sim\sim\debug\op assignment 2.ilk
c:\users\jawes\documents\study\sim\sim\debug\op assignment 2.pdb
c:\users\jawes\documents\study\sim\sim\debug\op assignment 2.exe
c:\users\jawes\documents\study\sim\sim\debug\op assignment 2.tlog\cl.command.1.tlog
c:\users\jawes\documents\study\sim\sim\debug\op assignment 2.tlog\cl.read.1.tlog
c:\users\jawes\documents\study\sim\sim\debug\op assignment 2.tlog\cl.write.1.tlog
c:\users\jawes\documents\study\sim\sim\debug\op assignment 2.tlog\link.command.1.tlog
c:\users\jawes\documents\study\sim\sim\debug\op assignment 2.tlog\link.read.1.tlog
c:\users\jawes\documents\study\sim\sim\debug\op assignment 2.tlog\link.write.1.tlog
