Build started 11/20/2015 2:10:32 AM.
     1>Project "c:\Users\jawes\documents\visual studio 2015\Projects\Project14\Project14\Project14.vcxproj" on node 2 (Build target(s)).
     1>C:\Program Files (x86)\MSBuild\Microsoft.Cpp\v4.0\V140\Microsoft.CppBuild.targets(392,5): warning MSB8028: The intermediate directory (Debug\) contains files shared from another project (Project14.vcxproj).  This can lead to incorrect clean and rebuild behavior.
     1>ClCompile:
         C:\Program Files (x86)\Microsoft Visual Studio 14.0\VC\bin\CL.exe /c /ZI /nologo /W3 /WX- /sdl /Od /Oy- /D _MBCS /Gm /EHsc /RTC1 /MDd /GS /fp:precise /Zc:wchar_t /Zc:forScope /Zc:inline /Fo"Debug\\" /Fd"Debug\vc140.pdb" /Gd /TP /analyze- /errorReport:prompt JMP.cpp Main.cpp Processor.cpp READ.cpp WRITE.cpp
         WRITE.cpp
         READ.cpp
         Processor.cpp
     1>c:\users\jawes\documents\visual studio 2015\projects\project14\project14\processor.cpp(23): warning C4018: '<': signed/unsigned mismatch
     1>c:\users\jawes\documents\visual studio 2015\projects\project14\project14\processor.cpp(214): warning C4018: '<': signed/unsigned mismatch
     1>c:\users\jawes\documents\visual studio 2015\projects\project14\project14\processor.cpp(232): warning C4018: '<': signed/unsigned mismatch
     1>c:\users\jawes\documents\visual studio 2015\projects\project14\project14\processor.cpp(253): warning C4018: '<': signed/unsigned mismatch
     1>c:\users\jawes\documents\visual studio 2015\projects\project14\project14\processor.cpp(261): warning C4018: '<': signed/unsigned mismatch
     1>c:\users\jawes\documents\visual studio 2015\projects\project14\project14\processor.cpp(281): warning C4018: '<': signed/unsigned mismatch
     1>c:\users\jawes\documents\visual studio 2015\projects\project14\project14\processor.cpp(297): warning C4018: '<': signed/unsigned mismatch
     1>c:\users\jawes\documents\visual studio 2015\projects\project14\project14\processor.cpp(316): warning C4018: '<': signed/unsigned mismatch
         JMP.cpp
         Generating Code...
         Compiling...
         Main.cpp
         Generating Code...
       Link:
         C:\Program Files (x86)\Microsoft Visual Studio 14.0\VC\bin\link.exe /ERRORREPORT:PROMPT /OUT:"c:\users\jawes\documents\visual studio 2015\Projects\Project14\Debug\OP ASSIGNMENT 2.exe" /INCREMENTAL /NOLOGO kernel32.lib user32.lib gdi32.lib winspool.lib comdlg32.lib advapi32.lib shell32.lib ole32.lib oleaut32.lib uuid.lib odbc32.lib odbccp32.lib /MANIFEST /MANIFESTUAC:"level='asInvoker' uiAccess='false'" /manifest:embed /Debug /PDB:"c:\users\jawes\documents\visual studio 2015\Projects\Project14\Debug\OP ASSIGNMENT 2.pdb" /TLBID:1 /DYNAMICBASE /NXCOMPAT /IMPLIB:"c:\users\jawes\documents\visual studio 2015\Projects\Project14\Debug\OP ASSIGNMENT 2.lib" /MACHINE:X86 Debug\ADD.obj
         Debug\ASS.obj
         Debug\DataMemory.obj
         Debug\Executor.obj
         Debug\InstructionMemory.obj
         Debug\JMP.obj
         Debug\JMP0.obj
         Debug\LE.obj
         Debug\MUL.obj
         Debug\NEG.obj
         Debug\Processor.obj
         Debug\Main.obj
         Debug\READ.obj
         Debug\WRITE.obj
         Project14.vcxproj -> c:\users\jawes\documents\visual studio 2015\Projects\Project14\Debug\OP ASSIGNMENT 2.exe
     1>Done Building Project "c:\Users\jawes\documents\visual studio 2015\Projects\Project14\Project14\Project14.vcxproj" (Build target(s)).

Build succeeded.

Time Elapsed 00:00:03.91
